{"C:\\Users\\Loki\\Desktop\\OTUS\\Repositories\\Tests\\src\\first-part.js": {"path":"C:\\Users\\Loki\\Desktop\\OTUS\\Repositories\\Tests\\src\\first-part.js","all":false,"statementMap":{"0":{"start":{"line":1,"column":0},"end":{"line":1,"column":35}},"1":{"start":{"line":2,"column":0},"end":{"line":2,"column":0}},"2":{"start":{"line":3,"column":0},"end":{"line":3,"column":38}},"3":{"start":{"line":4,"column":0},"end":{"line":4,"column":23}},"4":{"start":{"line":5,"column":0},"end":{"line":5,"column":19}},"5":{"start":{"line":6,"column":0},"end":{"line":6,"column":2}},"6":{"start":{"line":7,"column":0},"end":{"line":7,"column":41}},"7":{"start":{"line":8,"column":0},"end":{"line":8,"column":33}},"8":{"start":{"line":9,"column":0},"end":{"line":9,"column":1}},"9":{"start":{"line":10,"column":0},"end":{"line":10,"column":0}},"10":{"start":{"line":11,"column":0},"end":{"line":11,"column":50}},"11":{"start":{"line":12,"column":0},"end":{"line":12,"column":51}},"12":{"start":{"line":13,"column":0},"end":{"line":13,"column":58}},"13":{"start":{"line":14,"column":0},"end":{"line":14,"column":1}},"14":{"start":{"line":15,"column":0},"end":{"line":15,"column":0}},"15":{"start":{"line":16,"column":0},"end":{"line":16,"column":31}},"16":{"start":{"line":17,"column":0},"end":{"line":17,"column":37}},"17":{"start":{"line":18,"column":0},"end":{"line":18,"column":53}},"18":{"start":{"line":19,"column":0},"end":{"line":19,"column":2}},"19":{"start":{"line":20,"column":0},"end":{"line":20,"column":27}},"20":{"start":{"line":21,"column":0},"end":{"line":21,"column":49}},"21":{"start":{"line":22,"column":0},"end":{"line":22,"column":9}},"22":{"start":{"line":23,"column":0},"end":{"line":23,"column":2}},"23":{"start":{"line":24,"column":0},"end":{"line":24,"column":2}},"24":{"start":{"line":25,"column":0},"end":{"line":25,"column":41}},"25":{"start":{"line":26,"column":0},"end":{"line":26,"column":41}},"26":{"start":{"line":27,"column":0},"end":{"line":27,"column":41}},"27":{"start":{"line":28,"column":0},"end":{"line":28,"column":2}},"28":{"start":{"line":29,"column":0},"end":{"line":29,"column":38}},"29":{"start":{"line":30,"column":0},"end":{"line":30,"column":2}},"30":{"start":{"line":31,"column":0},"end":{"line":31,"column":57}},"31":{"start":{"line":32,"column":0},"end":{"line":32,"column":1}},"32":{"start":{"line":33,"column":0},"end":{"line":33,"column":0}},"33":{"start":{"line":34,"column":0},"end":{"line":34,"column":0}},"34":{"start":{"line":35,"column":0},"end":{"line":35,"column":22}},"35":{"start":{"line":36,"column":0},"end":{"line":36,"column":0}},"36":{"start":{"line":37,"column":0},"end":{"line":37,"column":31}},"37":{"start":{"line":38,"column":0},"end":{"line":38,"column":13}},"38":{"start":{"line":39,"column":0},"end":{"line":39,"column":24}},"39":{"start":{"line":40,"column":0},"end":{"line":40,"column":9}},"40":{"start":{"line":41,"column":0},"end":{"line":41,"column":24}},"41":{"start":{"line":42,"column":0},"end":{"line":42,"column":2}},"42":{"start":{"line":43,"column":0},"end":{"line":43,"column":1}},"43":{"start":{"line":44,"column":0},"end":{"line":44,"column":0}},"44":{"start":{"line":45,"column":0},"end":{"line":45,"column":32}},"45":{"start":{"line":46,"column":0},"end":{"line":46,"column":65}},"46":{"start":{"line":47,"column":0},"end":{"line":47,"column":23}},"47":{"start":{"line":48,"column":0},"end":{"line":48,"column":8}},"48":{"start":{"line":49,"column":0},"end":{"line":49,"column":31}},"49":{"start":{"line":50,"column":0},"end":{"line":50,"column":8}},"50":{"start":{"line":51,"column":0},"end":{"line":51,"column":8}},"51":{"start":{"line":52,"column":0},"end":{"line":52,"column":32}},"52":{"start":{"line":53,"column":0},"end":{"line":53,"column":8}},"53":{"start":{"line":54,"column":0},"end":{"line":54,"column":8}},"54":{"start":{"line":55,"column":0},"end":{"line":55,"column":29}},"55":{"start":{"line":56,"column":0},"end":{"line":56,"column":8}},"56":{"start":{"line":57,"column":0},"end":{"line":57,"column":8}},"57":{"start":{"line":58,"column":0},"end":{"line":58,"column":31}},"58":{"start":{"line":59,"column":0},"end":{"line":59,"column":8}},"59":{"start":{"line":60,"column":0},"end":{"line":60,"column":8}},"60":{"start":{"line":61,"column":0},"end":{"line":61,"column":28}},"61":{"start":{"line":62,"column":0},"end":{"line":62,"column":8}},"62":{"start":{"line":63,"column":0},"end":{"line":63,"column":8}},"63":{"start":{"line":64,"column":0},"end":{"line":64,"column":29}},"64":{"start":{"line":65,"column":0},"end":{"line":65,"column":8}},"65":{"start":{"line":66,"column":0},"end":{"line":66,"column":8}},"66":{"start":{"line":67,"column":0},"end":{"line":67,"column":29}},"67":{"start":{"line":68,"column":0},"end":{"line":68,"column":8}},"68":{"start":{"line":69,"column":0},"end":{"line":69,"column":8}},"69":{"start":{"line":70,"column":0},"end":{"line":70,"column":31}},"70":{"start":{"line":71,"column":0},"end":{"line":71,"column":8}},"71":{"start":{"line":72,"column":0},"end":{"line":72,"column":8}},"72":{"start":{"line":73,"column":0},"end":{"line":73,"column":33}},"73":{"start":{"line":74,"column":0},"end":{"line":74,"column":8}},"74":{"start":{"line":75,"column":0},"end":{"line":75,"column":9}},"75":{"start":{"line":76,"column":0},"end":{"line":76,"column":32}},"76":{"start":{"line":77,"column":0},"end":{"line":77,"column":8}},"77":{"start":{"line":78,"column":0},"end":{"line":78,"column":9}},"78":{"start":{"line":79,"column":0},"end":{"line":79,"column":31}},"79":{"start":{"line":80,"column":0},"end":{"line":80,"column":8}},"80":{"start":{"line":81,"column":0},"end":{"line":81,"column":9}},"81":{"start":{"line":82,"column":0},"end":{"line":82,"column":32}},"82":{"start":{"line":83,"column":0},"end":{"line":83,"column":8}},"83":{"start":{"line":84,"column":0},"end":{"line":84,"column":9}},"84":{"start":{"line":85,"column":0},"end":{"line":85,"column":43}},"85":{"start":{"line":86,"column":0},"end":{"line":86,"column":8}},"86":{"start":{"line":87,"column":0},"end":{"line":87,"column":2}},"87":{"start":{"line":88,"column":0},"end":{"line":88,"column":1}},"88":{"start":{"line":89,"column":0},"end":{"line":89,"column":0}},"89":{"start":{"line":90,"column":0},"end":{"line":90,"column":53}},"90":{"start":{"line":91,"column":0},"end":{"line":91,"column":24}},"91":{"start":{"line":92,"column":0},"end":{"line":92,"column":38}},"92":{"start":{"line":93,"column":0},"end":{"line":93,"column":3}},"93":{"start":{"line":94,"column":0},"end":{"line":94,"column":40}},"94":{"start":{"line":95,"column":0},"end":{"line":95,"column":4}},"95":{"start":{"line":96,"column":0},"end":{"line":96,"column":2}},"96":{"start":{"line":97,"column":0},"end":{"line":97,"column":0}},"97":{"start":{"line":98,"column":0},"end":{"line":98,"column":19}},"98":{"start":{"line":99,"column":0},"end":{"line":99,"column":0}},"99":{"start":{"line":100,"column":0},"end":{"line":100,"column":32}},"100":{"start":{"line":101,"column":0},"end":{"line":101,"column":13}},"101":{"start":{"line":102,"column":0},"end":{"line":102,"column":34}},"102":{"start":{"line":103,"column":0},"end":{"line":103,"column":11}},"103":{"start":{"line":104,"column":0},"end":{"line":104,"column":2}},"104":{"start":{"line":105,"column":0},"end":{"line":105,"column":25}},"105":{"start":{"line":106,"column":0},"end":{"line":106,"column":1}},"106":{"start":{"line":107,"column":0},"end":{"line":107,"column":0}},"107":{"start":{"line":108,"column":0},"end":{"line":108,"column":44}},"108":{"start":{"line":109,"column":0},"end":{"line":109,"column":32}},"109":{"start":{"line":110,"column":0},"end":{"line":110,"column":48}},"110":{"start":{"line":111,"column":0},"end":{"line":111,"column":2}},"111":{"start":{"line":112,"column":0},"end":{"line":112,"column":1}},"112":{"start":{"line":113,"column":0},"end":{"line":113,"column":0}},"113":{"start":{"line":114,"column":0},"end":{"line":114,"column":33}},"114":{"start":{"line":115,"column":0},"end":{"line":115,"column":37}},"115":{"start":{"line":116,"column":0},"end":{"line":116,"column":38}},"116":{"start":{"line":117,"column":0},"end":{"line":117,"column":13}},"117":{"start":{"line":118,"column":0},"end":{"line":118,"column":2}},"118":{"start":{"line":119,"column":0},"end":{"line":119,"column":31}},"119":{"start":{"line":120,"column":0},"end":{"line":120,"column":20}},"120":{"start":{"line":121,"column":0},"end":{"line":121,"column":12}},"121":{"start":{"line":122,"column":0},"end":{"line":122,"column":3}},"122":{"start":{"line":123,"column":0},"end":{"line":123,"column":2}},"123":{"start":{"line":124,"column":0},"end":{"line":124,"column":2}},"124":{"start":{"line":125,"column":0},"end":{"line":125,"column":75}},"125":{"start":{"line":126,"column":0},"end":{"line":126,"column":1}},"126":{"start":{"line":127,"column":0},"end":{"line":127,"column":0}},"127":{"start":{"line":128,"column":0},"end":{"line":128,"column":21}},"128":{"start":{"line":129,"column":0},"end":{"line":129,"column":0}},"129":{"start":{"line":130,"column":0},"end":{"line":130,"column":30}},"130":{"start":{"line":131,"column":0},"end":{"line":131,"column":17}},"131":{"start":{"line":132,"column":0},"end":{"line":132,"column":37}},"132":{"start":{"line":133,"column":0},"end":{"line":133,"column":37}},"133":{"start":{"line":134,"column":0},"end":{"line":134,"column":2}},"134":{"start":{"line":135,"column":0},"end":{"line":135,"column":17}},"135":{"start":{"line":136,"column":0},"end":{"line":136,"column":1}},"136":{"start":{"line":137,"column":0},"end":{"line":137,"column":0}},"137":{"start":{"line":138,"column":0},"end":{"line":138,"column":35}},"138":{"start":{"line":139,"column":0},"end":{"line":139,"column":16}},"139":{"start":{"line":140,"column":0},"end":{"line":140,"column":26}},"140":{"start":{"line":141,"column":0},"end":{"line":141,"column":22}},"141":{"start":{"line":142,"column":0},"end":{"line":142,"column":14}},"142":{"start":{"line":143,"column":0},"end":{"line":143,"column":1}},"143":{"start":{"line":144,"column":0},"end":{"line":144,"column":0}},"144":{"start":{"line":145,"column":0},"end":{"line":145,"column":42}},"145":{"start":{"line":146,"column":0},"end":{"line":146,"column":67}},"146":{"start":{"line":147,"column":0},"end":{"line":147,"column":52}},"147":{"start":{"line":148,"column":0},"end":{"line":148,"column":1}},"148":{"start":{"line":149,"column":0},"end":{"line":149,"column":0}},"149":{"start":{"line":150,"column":0},"end":{"line":150,"column":0}},"150":{"start":{"line":151,"column":0},"end":{"line":151,"column":21}},"151":{"start":{"line":152,"column":0},"end":{"line":152,"column":0}},"152":{"start":{"line":153,"column":0},"end":{"line":153,"column":28}},"153":{"start":{"line":154,"column":0},"end":{"line":154,"column":13}},"154":{"start":{"line":155,"column":0},"end":{"line":155,"column":45}},"155":{"start":{"line":156,"column":0},"end":{"line":156,"column":39}},"156":{"start":{"line":157,"column":0},"end":{"line":157,"column":16}},"157":{"start":{"line":158,"column":0},"end":{"line":158,"column":2}},"158":{"start":{"line":159,"column":0},"end":{"line":159,"column":25}},"159":{"start":{"line":160,"column":0},"end":{"line":160,"column":1}},"160":{"start":{"line":161,"column":0},"end":{"line":161,"column":0}},"161":{"start":{"line":162,"column":0},"end":{"line":162,"column":36}},"162":{"start":{"line":163,"column":0},"end":{"line":163,"column":19}},"163":{"start":{"line":164,"column":0},"end":{"line":164,"column":39}},"164":{"start":{"line":165,"column":0},"end":{"line":165,"column":25}},"165":{"start":{"line":166,"column":0},"end":{"line":166,"column":2}},"166":{"start":{"line":167,"column":0},"end":{"line":167,"column":15}},"167":{"start":{"line":168,"column":0},"end":{"line":168,"column":1}},"168":{"start":{"line":169,"column":0},"end":{"line":169,"column":0}},"169":{"start":{"line":170,"column":0},"end":{"line":170,"column":33}},"170":{"start":{"line":171,"column":0},"end":{"line":171,"column":18}},"171":{"start":{"line":172,"column":0},"end":{"line":172,"column":18}},"172":{"start":{"line":173,"column":0},"end":{"line":173,"column":39}},"173":{"start":{"line":174,"column":0},"end":{"line":174,"column":21}},"174":{"start":{"line":175,"column":0},"end":{"line":175,"column":16}},"175":{"start":{"line":176,"column":0},"end":{"line":176,"column":3}},"176":{"start":{"line":177,"column":0},"end":{"line":177,"column":21}},"177":{"start":{"line":178,"column":0},"end":{"line":178,"column":16}},"178":{"start":{"line":179,"column":0},"end":{"line":179,"column":3}},"179":{"start":{"line":180,"column":0},"end":{"line":180,"column":2}},"180":{"start":{"line":181,"column":0},"end":{"line":181,"column":31}},"181":{"start":{"line":182,"column":0},"end":{"line":182,"column":2}}},"s":{"0":1,"1":1,"2":1,"3":1,"4":1,"5":1,"6":1,"7":1,"8":1,"9":1,"10":1,"11":1,"12":1,"13":1,"14":1,"15":1,"16":2,"17":2,"18":2,"19":2,"20":1,"21":1,"22":1,"23":1,"24":1,"25":1,"26":1,"27":1,"28":1,"29":1,"30":1,"31":1,"32":1,"33":1,"34":1,"35":1,"36":1,"37":2,"38":1,"39":1,"40":1,"41":1,"42":2,"43":1,"44":1,"45":13,"46":13,"47":13,"48":1,"49":1,"50":13,"51":1,"52":1,"53":13,"54":1,"55":1,"56":13,"57":1,"58":1,"59":13,"60":1,"61":1,"62":13,"63":1,"64":1,"65":13,"66":1,"67":1,"68":13,"69":1,"70":1,"71":13,"72":1,"73":1,"74":13,"75":1,"76":1,"77":13,"78":1,"79":1,"80":13,"81":1,"82":1,"83":13,"84":1,"85":1,"86":13,"87":13,"88":1,"89":1,"90":2,"91":1,"92":1,"93":1,"94":1,"95":1,"96":1,"97":1,"98":1,"99":1,"100":1,"101":1,"102":51,"103":51,"104":1,"105":1,"106":1,"107":1,"108":1,"109":10,"110":10,"111":1,"112":1,"113":1,"114":1,"115":1,"116":1,"117":1,"118":1,"119":12,"120":6,"121":6,"122":12,"123":1,"124":1,"125":1,"126":1,"127":1,"128":1,"129":1,"130":1,"131":1,"132":1,"133":1,"134":1,"135":1,"136":1,"137":1,"138":1,"139":1,"140":1,"141":1,"142":1,"143":1,"144":1,"145":1,"146":1,"147":1,"148":1,"149":1,"150":1,"151":1,"152":1,"153":1,"154":1,"155":1,"156":10,"157":10,"158":1,"159":1,"160":1,"161":1,"162":1,"163":1,"164":10,"165":10,"166":1,"167":1,"168":1,"169":1,"170":3,"171":3,"172":3,"173":13,"174":4,"175":4,"176":13,"177":9,"178":9,"179":13,"180":3,"181":1},"branchMap":{"0":{"type":"branch","line":3,"loc":{"start":{"line":3,"column":7},"end":{"line":9,"column":1}},"locations":[{"start":{"line":3,"column":7},"end":{"line":9,"column":1}}]},"1":{"type":"branch","line":11,"loc":{"start":{"line":11,"column":7},"end":{"line":14,"column":1}},"locations":[{"start":{"line":11,"column":7},"end":{"line":14,"column":1}}]},"2":{"type":"branch","line":16,"loc":{"start":{"line":16,"column":7},"end":{"line":32,"column":1}},"locations":[{"start":{"line":16,"column":7},"end":{"line":32,"column":1}}]},"3":{"type":"branch","line":20,"loc":{"start":{"line":20,"column":26},"end":{"line":32,"column":1}},"locations":[{"start":{"line":20,"column":26},"end":{"line":32,"column":1}}]},"4":{"type":"branch","line":37,"loc":{"start":{"line":37,"column":7},"end":{"line":43,"column":1}},"locations":[{"start":{"line":37,"column":7},"end":{"line":43,"column":1}}]},"5":{"type":"branch","line":38,"loc":{"start":{"line":38,"column":12},"end":{"line":42,"column":2}},"locations":[{"start":{"line":38,"column":12},"end":{"line":42,"column":2}}]},"6":{"type":"branch","line":45,"loc":{"start":{"line":45,"column":7},"end":{"line":88,"column":1}},"locations":[{"start":{"line":45,"column":7},"end":{"line":88,"column":1}}]},"7":{"type":"branch","line":48,"loc":{"start":{"line":48,"column":1},"end":{"line":50,"column":8}},"locations":[{"start":{"line":48,"column":1},"end":{"line":50,"column":8}}]},"8":{"type":"branch","line":51,"loc":{"start":{"line":51,"column":1},"end":{"line":53,"column":8}},"locations":[{"start":{"line":51,"column":1},"end":{"line":53,"column":8}}]},"9":{"type":"branch","line":54,"loc":{"start":{"line":54,"column":1},"end":{"line":56,"column":8}},"locations":[{"start":{"line":54,"column":1},"end":{"line":56,"column":8}}]},"10":{"type":"branch","line":57,"loc":{"start":{"line":57,"column":1},"end":{"line":59,"column":8}},"locations":[{"start":{"line":57,"column":1},"end":{"line":59,"column":8}}]},"11":{"type":"branch","line":60,"loc":{"start":{"line":60,"column":1},"end":{"line":62,"column":8}},"locations":[{"start":{"line":60,"column":1},"end":{"line":62,"column":8}}]},"12":{"type":"branch","line":63,"loc":{"start":{"line":63,"column":1},"end":{"line":65,"column":8}},"locations":[{"start":{"line":63,"column":1},"end":{"line":65,"column":8}}]},"13":{"type":"branch","line":66,"loc":{"start":{"line":66,"column":1},"end":{"line":68,"column":8}},"locations":[{"start":{"line":66,"column":1},"end":{"line":68,"column":8}}]},"14":{"type":"branch","line":69,"loc":{"start":{"line":69,"column":1},"end":{"line":71,"column":8}},"locations":[{"start":{"line":69,"column":1},"end":{"line":71,"column":8}}]},"15":{"type":"branch","line":72,"loc":{"start":{"line":72,"column":1},"end":{"line":74,"column":8}},"locations":[{"start":{"line":72,"column":1},"end":{"line":74,"column":8}}]},"16":{"type":"branch","line":75,"loc":{"start":{"line":75,"column":1},"end":{"line":77,"column":8}},"locations":[{"start":{"line":75,"column":1},"end":{"line":77,"column":8}}]},"17":{"type":"branch","line":78,"loc":{"start":{"line":78,"column":1},"end":{"line":80,"column":8}},"locations":[{"start":{"line":78,"column":1},"end":{"line":80,"column":8}}]},"18":{"type":"branch","line":81,"loc":{"start":{"line":81,"column":1},"end":{"line":83,"column":8}},"locations":[{"start":{"line":81,"column":1},"end":{"line":83,"column":8}}]},"19":{"type":"branch","line":84,"loc":{"start":{"line":84,"column":1},"end":{"line":86,"column":8}},"locations":[{"start":{"line":84,"column":1},"end":{"line":86,"column":8}}]},"20":{"type":"branch","line":90,"loc":{"start":{"line":90,"column":7},"end":{"line":96,"column":1}},"locations":[{"start":{"line":90,"column":7},"end":{"line":96,"column":1}}]},"21":{"type":"branch","line":91,"loc":{"start":{"line":91,"column":23},"end":{"line":96,"column":1}},"locations":[{"start":{"line":91,"column":23},"end":{"line":96,"column":1}}]},"22":{"type":"branch","line":100,"loc":{"start":{"line":100,"column":7},"end":{"line":106,"column":1}},"locations":[{"start":{"line":100,"column":7},"end":{"line":106,"column":1}}]},"23":{"type":"branch","line":102,"loc":{"start":{"line":102,"column":33},"end":{"line":104,"column":2}},"locations":[{"start":{"line":102,"column":33},"end":{"line":104,"column":2}}]},"24":{"type":"branch","line":108,"loc":{"start":{"line":108,"column":7},"end":{"line":112,"column":1}},"locations":[{"start":{"line":108,"column":7},"end":{"line":112,"column":1}}]},"25":{"type":"branch","line":109,"loc":{"start":{"line":109,"column":31},"end":{"line":111,"column":2}},"locations":[{"start":{"line":109,"column":31},"end":{"line":111,"column":2}}]},"26":{"type":"branch","line":114,"loc":{"start":{"line":114,"column":7},"end":{"line":126,"column":1}},"locations":[{"start":{"line":114,"column":7},"end":{"line":126,"column":1}}]},"27":{"type":"branch","line":119,"loc":{"start":{"line":119,"column":30},"end":{"line":123,"column":2}},"locations":[{"start":{"line":119,"column":30},"end":{"line":123,"column":2}}]},"28":{"type":"branch","line":120,"loc":{"start":{"line":120,"column":19},"end":{"line":122,"column":3}},"locations":[{"start":{"line":120,"column":19},"end":{"line":122,"column":3}}]},"29":{"type":"branch","line":130,"loc":{"start":{"line":130,"column":7},"end":{"line":136,"column":1}},"locations":[{"start":{"line":130,"column":7},"end":{"line":136,"column":1}}]},"30":{"type":"branch","line":138,"loc":{"start":{"line":138,"column":7},"end":{"line":143,"column":1}},"locations":[{"start":{"line":138,"column":7},"end":{"line":143,"column":1}}]},"31":{"type":"branch","line":145,"loc":{"start":{"line":145,"column":7},"end":{"line":148,"column":1}},"locations":[{"start":{"line":145,"column":7},"end":{"line":148,"column":1}}]},"32":{"type":"branch","line":153,"loc":{"start":{"line":153,"column":7},"end":{"line":160,"column":1}},"locations":[{"start":{"line":153,"column":7},"end":{"line":160,"column":1}}]},"33":{"type":"branch","line":156,"loc":{"start":{"line":156,"column":38},"end":{"line":158,"column":2}},"locations":[{"start":{"line":156,"column":38},"end":{"line":158,"column":2}}]},"34":{"type":"branch","line":162,"loc":{"start":{"line":162,"column":7},"end":{"line":168,"column":1}},"locations":[{"start":{"line":162,"column":7},"end":{"line":168,"column":1}}]},"35":{"type":"branch","line":164,"loc":{"start":{"line":164,"column":38},"end":{"line":166,"column":2}},"locations":[{"start":{"line":164,"column":38},"end":{"line":166,"column":2}}]},"36":{"type":"branch","line":170,"loc":{"start":{"line":170,"column":7},"end":{"line":182,"column":1}},"locations":[{"start":{"line":170,"column":7},"end":{"line":182,"column":1}}]},"37":{"type":"branch","line":173,"loc":{"start":{"line":173,"column":38},"end":{"line":180,"column":2}},"locations":[{"start":{"line":173,"column":38},"end":{"line":180,"column":2}}]},"38":{"type":"branch","line":174,"loc":{"start":{"line":174,"column":20},"end":{"line":176,"column":3}},"locations":[{"start":{"line":174,"column":20},"end":{"line":176,"column":3}}]},"39":{"type":"branch","line":177,"loc":{"start":{"line":177,"column":20},"end":{"line":179,"column":3}},"locations":[{"start":{"line":177,"column":20},"end":{"line":179,"column":3}}]}},"b":{"0":[1],"1":[1],"2":[2],"3":[1],"4":[2],"5":[1],"6":[13],"7":[1],"8":[1],"9":[1],"10":[1],"11":[1],"12":[1],"13":[1],"14":[1],"15":[1],"16":[1],"17":[1],"18":[1],"19":[1],"20":[2],"21":[1],"22":[1],"23":[51],"24":[1],"25":[10],"26":[1],"27":[12],"28":[6],"29":[1],"30":[1],"31":[1],"32":[1],"33":[10],"34":[1],"35":[10],"36":[3],"37":[13],"38":[4],"39":[9]},"fnMap":{"0":{"name":"multiplyAndSum","decl":{"start":{"line":3,"column":7},"end":{"line":9,"column":1}},"loc":{"start":{"line":3,"column":7},"end":{"line":9,"column":1}},"line":3},"1":{"name":"countTotalCharacters","decl":{"start":{"line":11,"column":7},"end":{"line":14,"column":1}},"loc":{"start":{"line":11,"column":7},"end":{"line":14,"column":1}},"line":11},"2":{"name":"sumOfDigits","decl":{"start":{"line":16,"column":7},"end":{"line":32,"column":1}},"loc":{"start":{"line":16,"column":7},"end":{"line":32,"column":1}},"line":16},"3":{"name":"findMax","decl":{"start":{"line":37,"column":7},"end":{"line":43,"column":1}},"loc":{"start":{"line":37,"column":7},"end":{"line":43,"column":1}},"line":37},"4":{"name":"getMonthName","decl":{"start":{"line":45,"column":7},"end":{"line":88,"column":1}},"loc":{"start":{"line":45,"column":7},"end":{"line":88,"column":1}},"line":45},"5":{"name":"checkCircleInSquare","decl":{"start":{"line":90,"column":7},"end":{"line":96,"column":1}},"loc":{"start":{"line":90,"column":7},"end":{"line":96,"column":1}},"line":90},"6":{"name":"calculateSum","decl":{"start":{"line":100,"column":7},"end":{"line":106,"column":1}},"loc":{"start":{"line":100,"column":7},"end":{"line":106,"column":1}},"line":100},"7":{"name":"printMultiplicationTable","decl":{"start":{"line":108,"column":7},"end":{"line":112,"column":1}},"loc":{"start":{"line":108,"column":7},"end":{"line":112,"column":1}},"line":108},"8":{"name":"sumOddNumbers","decl":{"start":{"line":114,"column":7},"end":{"line":126,"column":1}},"loc":{"start":{"line":114,"column":7},"end":{"line":126,"column":1}},"line":114},"9":{"name":"getUserAge","decl":{"start":{"line":130,"column":7},"end":{"line":136,"column":1}},"loc":{"start":{"line":130,"column":7},"end":{"line":136,"column":1}},"line":130},"10":{"name":"createAdminUser","decl":{"start":{"line":138,"column":7},"end":{"line":143,"column":1}},"loc":{"start":{"line":138,"column":7},"end":{"line":143,"column":1}},"line":138},"11":{"name":"printAdminDetails","decl":{"start":{"line":145,"column":7},"end":{"line":148,"column":1}},"loc":{"start":{"line":145,"column":7},"end":{"line":148,"column":1}},"line":145},"12":{"name":"ArraySum","decl":{"start":{"line":153,"column":7},"end":{"line":160,"column":1}},"loc":{"start":{"line":153,"column":7},"end":{"line":160,"column":1}},"line":153},"13":{"name":"multiplyByTwo","decl":{"start":{"line":162,"column":7},"end":{"line":168,"column":1}},"loc":{"start":{"line":162,"column":7},"end":{"line":168,"column":1}},"line":162},"14":{"name":"findMinMax","decl":{"start":{"line":170,"column":7},"end":{"line":182,"column":1}},"loc":{"start":{"line":170,"column":7},"end":{"line":182,"column":1}},"line":170}},"f":{"0":1,"1":1,"2":2,"3":2,"4":13,"5":2,"6":1,"7":1,"8":1,"9":1,"10":1,"11":1,"12":1,"13":1,"14":3}}
,"C:\\Users\\Loki\\Desktop\\OTUS\\Repositories\\Tests\\src\\second-part.js": {"path":"C:\\Users\\Loki\\Desktop\\OTUS\\Repositories\\Tests\\src\\second-part.js","all":false,"statementMap":{"0":{"start":{"line":1,"column":0},"end":{"line":1,"column":21}},"1":{"start":{"line":2,"column":0},"end":{"line":2,"column":0}},"2":{"start":{"line":3,"column":0},"end":{"line":3,"column":28}},"3":{"start":{"line":4,"column":0},"end":{"line":4,"column":24}},"4":{"start":{"line":5,"column":0},"end":{"line":5,"column":1}},"5":{"start":{"line":6,"column":0},"end":{"line":6,"column":0}},"6":{"start":{"line":7,"column":0},"end":{"line":7,"column":29}},"7":{"start":{"line":8,"column":0},"end":{"line":8,"column":39}},"8":{"start":{"line":9,"column":0},"end":{"line":9,"column":25}},"9":{"start":{"line":10,"column":0},"end":{"line":10,"column":15}},"10":{"start":{"line":11,"column":0},"end":{"line":11,"column":3}},"11":{"start":{"line":12,"column":0},"end":{"line":12,"column":13}},"12":{"start":{"line":13,"column":0},"end":{"line":13,"column":1}},"13":{"start":{"line":14,"column":0},"end":{"line":14,"column":0}},"14":{"start":{"line":15,"column":0},"end":{"line":15,"column":27}},"15":{"start":{"line":16,"column":0},"end":{"line":16,"column":13}},"16":{"start":{"line":17,"column":0},"end":{"line":17,"column":1}},"17":{"start":{"line":18,"column":0},"end":{"line":18,"column":0}},"18":{"start":{"line":19,"column":0},"end":{"line":19,"column":0}},"19":{"start":{"line":20,"column":0},"end":{"line":20,"column":32}},"20":{"start":{"line":21,"column":0},"end":{"line":21,"column":0}},"21":{"start":{"line":22,"column":0},"end":{"line":22,"column":32}},"22":{"start":{"line":23,"column":0},"end":{"line":23,"column":60}},"23":{"start":{"line":24,"column":0},"end":{"line":24,"column":45}},"24":{"start":{"line":25,"column":0},"end":{"line":25,"column":2}},"25":{"start":{"line":26,"column":0},"end":{"line":26,"column":50}},"26":{"start":{"line":27,"column":0},"end":{"line":27,"column":2}},"27":{"start":{"line":28,"column":0},"end":{"line":28,"column":21}},"28":{"start":{"line":29,"column":0},"end":{"line":29,"column":16}},"29":{"start":{"line":30,"column":0},"end":{"line":30,"column":16}},"30":{"start":{"line":31,"column":0},"end":{"line":31,"column":12}},"31":{"start":{"line":32,"column":0},"end":{"line":32,"column":10}},"32":{"start":{"line":33,"column":0},"end":{"line":33,"column":12}},"33":{"start":{"line":34,"column":0},"end":{"line":34,"column":12}},"34":{"start":{"line":35,"column":0},"end":{"line":35,"column":12}},"35":{"start":{"line":36,"column":0},"end":{"line":36,"column":3}},"36":{"start":{"line":37,"column":0},"end":{"line":37,"column":34}},"37":{"start":{"line":38,"column":0},"end":{"line":38,"column":1}},"38":{"start":{"line":39,"column":0},"end":{"line":39,"column":0}},"39":{"start":{"line":40,"column":0},"end":{"line":40,"column":27}},"40":{"start":{"line":41,"column":0},"end":{"line":41,"column":24}},"41":{"start":{"line":42,"column":0},"end":{"line":42,"column":28}},"42":{"start":{"line":43,"column":0},"end":{"line":43,"column":31}},"43":{"start":{"line":44,"column":0},"end":{"line":44,"column":39}},"44":{"start":{"line":45,"column":0},"end":{"line":45,"column":21}},"45":{"start":{"line":46,"column":0},"end":{"line":46,"column":1}},"46":{"start":{"line":47,"column":0},"end":{"line":47,"column":0}},"47":{"start":{"line":48,"column":0},"end":{"line":48,"column":49}},"48":{"start":{"line":49,"column":0},"end":{"line":49,"column":60}},"49":{"start":{"line":50,"column":0},"end":{"line":50,"column":60}},"50":{"start":{"line":51,"column":0},"end":{"line":51,"column":0}},"51":{"start":{"line":52,"column":0},"end":{"line":52,"column":38}},"52":{"start":{"line":53,"column":0},"end":{"line":53,"column":38}},"53":{"start":{"line":54,"column":0},"end":{"line":54,"column":0}},"54":{"start":{"line":55,"column":0},"end":{"line":55,"column":25}},"55":{"start":{"line":56,"column":0},"end":{"line":56,"column":56}},"56":{"start":{"line":57,"column":0},"end":{"line":57,"column":25}},"57":{"start":{"line":58,"column":0},"end":{"line":58,"column":47}},"58":{"start":{"line":59,"column":0},"end":{"line":59,"column":3}},"59":{"start":{"line":60,"column":0},"end":{"line":60,"column":48}},"60":{"start":{"line":61,"column":0},"end":{"line":61,"column":1}},"61":{"start":{"line":62,"column":0},"end":{"line":62,"column":0}},"62":{"start":{"line":63,"column":0},"end":{"line":63,"column":0}},"63":{"start":{"line":64,"column":0},"end":{"line":64,"column":37}},"64":{"start":{"line":65,"column":0},"end":{"line":65,"column":0}},"65":{"start":{"line":66,"column":0},"end":{"line":66,"column":42}},"66":{"start":{"line":67,"column":0},"end":{"line":67,"column":94}},"67":{"start":{"line":68,"column":0},"end":{"line":68,"column":5}},"68":{"start":{"line":69,"column":0},"end":{"line":69,"column":25}},"69":{"start":{"line":70,"column":0},"end":{"line":70,"column":29}},"70":{"start":{"line":71,"column":0},"end":{"line":71,"column":26}},"71":{"start":{"line":72,"column":0},"end":{"line":72,"column":4}},"72":{"start":{"line":73,"column":0},"end":{"line":73,"column":14}},"73":{"start":{"line":74,"column":0},"end":{"line":74,"column":3}},"74":{"start":{"line":75,"column":0},"end":{"line":75,"column":15}},"75":{"start":{"line":76,"column":0},"end":{"line":76,"column":1}},"76":{"start":{"line":77,"column":0},"end":{"line":77,"column":0}},"77":{"start":{"line":78,"column":0},"end":{"line":78,"column":45}},"78":{"start":{"line":79,"column":0},"end":{"line":79,"column":44}},"79":{"start":{"line":80,"column":0},"end":{"line":80,"column":40}},"80":{"start":{"line":81,"column":0},"end":{"line":81,"column":2}},"81":{"start":{"line":82,"column":0},"end":{"line":82,"column":27}},"82":{"start":{"line":83,"column":0},"end":{"line":83,"column":78}},"83":{"start":{"line":84,"column":0},"end":{"line":84,"column":8}},"84":{"start":{"line":85,"column":0},"end":{"line":85,"column":6}},"85":{"start":{"line":86,"column":0},"end":{"line":86,"column":3}},"86":{"start":{"line":87,"column":0},"end":{"line":87,"column":1}},"87":{"start":{"line":88,"column":0},"end":{"line":88,"column":0}},"88":{"start":{"line":89,"column":0},"end":{"line":89,"column":42}},"89":{"start":{"line":90,"column":0},"end":{"line":90,"column":40}},"90":{"start":{"line":91,"column":0},"end":{"line":91,"column":24}},"91":{"start":{"line":92,"column":0},"end":{"line":92,"column":54}},"92":{"start":{"line":93,"column":0},"end":{"line":93,"column":54}},"93":{"start":{"line":94,"column":0},"end":{"line":94,"column":76}},"94":{"start":{"line":95,"column":0},"end":{"line":95,"column":33}},"95":{"start":{"line":96,"column":0},"end":{"line":96,"column":25}},"96":{"start":{"line":97,"column":0},"end":{"line":97,"column":63}},"97":{"start":{"line":98,"column":0},"end":{"line":98,"column":9}},"98":{"start":{"line":99,"column":0},"end":{"line":99,"column":65}},"99":{"start":{"line":100,"column":0},"end":{"line":100,"column":2}},"100":{"start":{"line":101,"column":0},"end":{"line":101,"column":1}},"101":{"start":{"line":102,"column":0},"end":{"line":102,"column":0}},"102":{"start":{"line":103,"column":0},"end":{"line":103,"column":0}},"103":{"start":{"line":104,"column":0},"end":{"line":104,"column":38}},"104":{"start":{"line":105,"column":0},"end":{"line":105,"column":0}},"105":{"start":{"line":106,"column":0},"end":{"line":106,"column":36}},"106":{"start":{"line":107,"column":0},"end":{"line":107,"column":14}},"107":{"start":{"line":108,"column":0},"end":{"line":108,"column":37}},"108":{"start":{"line":109,"column":0},"end":{"line":109,"column":91}},"109":{"start":{"line":110,"column":0},"end":{"line":110,"column":2}},"110":{"start":{"line":111,"column":0},"end":{"line":111,"column":25}},"111":{"start":{"line":112,"column":0},"end":{"line":112,"column":48}},"112":{"start":{"line":113,"column":0},"end":{"line":113,"column":21}},"113":{"start":{"line":114,"column":0},"end":{"line":114,"column":55}},"114":{"start":{"line":115,"column":0},"end":{"line":115,"column":34}},"115":{"start":{"line":116,"column":0},"end":{"line":116,"column":54}},"116":{"start":{"line":117,"column":0},"end":{"line":117,"column":31}},"117":{"start":{"line":118,"column":0},"end":{"line":118,"column":3}},"118":{"start":{"line":119,"column":0},"end":{"line":119,"column":2}},"119":{"start":{"line":120,"column":0},"end":{"line":120,"column":2}},"120":{"start":{"line":121,"column":0},"end":{"line":121,"column":63}},"121":{"start":{"line":122,"column":0},"end":{"line":122,"column":1}}},"s":{"0":1,"1":1,"2":1,"3":3,"4":3,"5":1,"6":1,"7":5,"8":5,"9":3,"10":3,"11":2,"12":2,"13":1,"14":1,"15":3,"16":3,"17":1,"18":1,"19":1,"20":1,"21":1,"22":1,"23":1,"24":1,"25":1,"26":1,"27":1,"28":1,"29":1,"30":1,"31":1,"32":1,"33":1,"34":1,"35":1,"36":1,"37":1,"38":1,"39":1,"40":1,"41":1,"42":1,"43":1,"44":1,"45":1,"46":1,"47":1,"48":7,"49":7,"50":7,"51":7,"52":7,"53":7,"54":7,"55":1,"56":7,"57":3,"58":3,"59":3,"60":3,"61":1,"62":1,"63":1,"64":1,"65":1,"66":6,"67":6,"68":6,"69":6,"70":6,"71":6,"72":3,"73":3,"74":3,"75":3,"76":1,"77":1,"78":1,"79":1,"80":1,"81":1,"82":1,"83":1,"84":1,"85":1,"86":1,"87":1,"88":1,"89":3,"90":3,"91":1,"92":1,"93":1,"94":3,"95":1,"96":1,"97":1,"98":1,"99":1,"100":3,"101":1,"102":1,"103":1,"104":1,"105":1,"106":8,"107":8,"108":8,"109":8,"110":8,"111":6,"112":2,"113":6,"114":2,"115":2,"116":2,"117":2,"118":6,"119":2,"120":2,"121":2},"branchMap":{"0":{"type":"branch","line":3,"loc":{"start":{"line":3,"column":7},"end":{"line":5,"column":1}},"locations":[{"start":{"line":3,"column":7},"end":{"line":5,"column":1}}]},"1":{"type":"branch","line":7,"loc":{"start":{"line":7,"column":7},"end":{"line":13,"column":1}},"locations":[{"start":{"line":7,"column":7},"end":{"line":13,"column":1}}]},"2":{"type":"branch","line":9,"loc":{"start":{"line":9,"column":24},"end":{"line":11,"column":3}},"locations":[{"start":{"line":9,"column":24},"end":{"line":11,"column":3}}]},"3":{"type":"branch","line":11,"loc":{"start":{"line":11,"column":1},"end":{"line":13,"column":1}},"locations":[{"start":{"line":11,"column":1},"end":{"line":13,"column":1}}]},"4":{"type":"branch","line":15,"loc":{"start":{"line":15,"column":7},"end":{"line":17,"column":1}},"locations":[{"start":{"line":15,"column":7},"end":{"line":17,"column":1}}]},"5":{"type":"branch","line":22,"loc":{"start":{"line":22,"column":7},"end":{"line":38,"column":1}},"locations":[{"start":{"line":22,"column":7},"end":{"line":38,"column":1}}]},"6":{"type":"branch","line":40,"loc":{"start":{"line":40,"column":7},"end":{"line":46,"column":1}},"locations":[{"start":{"line":40,"column":7},"end":{"line":46,"column":1}}]},"7":{"type":"branch","line":48,"loc":{"start":{"line":48,"column":7},"end":{"line":61,"column":1}},"locations":[{"start":{"line":48,"column":7},"end":{"line":61,"column":1}}]},"8":{"type":"branch","line":55,"loc":{"start":{"line":55,"column":24},"end":{"line":57,"column":3}},"locations":[{"start":{"line":55,"column":24},"end":{"line":57,"column":3}}]},"9":{"type":"branch","line":57,"loc":{"start":{"line":57,"column":1},"end":{"line":57,"column":24}},"locations":[{"start":{"line":57,"column":1},"end":{"line":57,"column":24}}]},"10":{"type":"branch","line":57,"loc":{"start":{"line":57,"column":24},"end":{"line":61,"column":1}},"locations":[{"start":{"line":57,"column":24},"end":{"line":61,"column":1}}]},"11":{"type":"branch","line":66,"loc":{"start":{"line":66,"column":7},"end":{"line":76,"column":1}},"locations":[{"start":{"line":66,"column":7},"end":{"line":76,"column":1}}]},"12":{"type":"branch","line":72,"loc":{"start":{"line":72,"column":3},"end":{"line":76,"column":1}},"locations":[{"start":{"line":72,"column":3},"end":{"line":76,"column":1}}]},"13":{"type":"branch","line":78,"loc":{"start":{"line":78,"column":7},"end":{"line":87,"column":1}},"locations":[{"start":{"line":78,"column":7},"end":{"line":87,"column":1}}]},"14":{"type":"branch","line":89,"loc":{"start":{"line":89,"column":7},"end":{"line":101,"column":1}},"locations":[{"start":{"line":89,"column":7},"end":{"line":101,"column":1}}]},"15":{"type":"branch","line":91,"loc":{"start":{"line":91,"column":23},"end":{"line":95,"column":2}},"locations":[{"start":{"line":91,"column":23},"end":{"line":95,"column":2}}]},"16":{"type":"branch","line":95,"loc":{"start":{"line":95,"column":2},"end":{"line":100,"column":2}},"locations":[{"start":{"line":95,"column":2},"end":{"line":100,"column":2}}]},"17":{"type":"branch","line":95,"loc":{"start":{"line":95,"column":32},"end":{"line":100,"column":2}},"locations":[{"start":{"line":95,"column":32},"end":{"line":100,"column":2}}]},"18":{"type":"branch","line":106,"loc":{"start":{"line":106,"column":7},"end":{"line":122,"column":1}},"locations":[{"start":{"line":106,"column":7},"end":{"line":122,"column":1}}]},"19":{"type":"branch","line":111,"loc":{"start":{"line":111,"column":24},"end":{"line":119,"column":2}},"locations":[{"start":{"line":111,"column":24},"end":{"line":119,"column":2}}]},"20":{"type":"branch","line":112,"loc":{"start":{"line":112,"column":47},"end":{"line":114,"column":4}},"locations":[{"start":{"line":112,"column":47},"end":{"line":114,"column":4}}]},"21":{"type":"branch","line":114,"loc":{"start":{"line":114,"column":2},"end":{"line":114,"column":54}},"locations":[{"start":{"line":114,"column":2},"end":{"line":114,"column":54}}]},"22":{"type":"branch","line":114,"loc":{"start":{"line":114,"column":54},"end":{"line":118,"column":3}},"locations":[{"start":{"line":114,"column":54},"end":{"line":118,"column":3}}]},"23":{"type":"branch","line":119,"loc":{"start":{"line":119,"column":1},"end":{"line":122,"column":1}},"locations":[{"start":{"line":119,"column":1},"end":{"line":122,"column":1}}]}},"b":{"0":[3],"1":[5],"2":[3],"3":[2],"4":[3],"5":[1],"6":[1],"7":[7],"8":[1],"9":[6],"10":[3],"11":[6],"12":[3],"13":[1],"14":[3],"15":[1],"16":[2],"17":[1],"18":[8],"19":[6],"20":[2],"21":[4],"22":[2],"23":[2]},"fnMap":{"0":{"name":"diff","decl":{"start":{"line":3,"column":7},"end":{"line":5,"column":1}},"loc":{"start":{"line":3,"column":7},"end":{"line":5,"column":1}},"line":3},"1":{"name":"isWord","decl":{"start":{"line":7,"column":7},"end":{"line":13,"column":1}},"loc":{"start":{"line":7,"column":7},"end":{"line":13,"column":1}},"line":7},"2":{"name":"pow","decl":{"start":{"line":15,"column":7},"end":{"line":17,"column":1}},"loc":{"start":{"line":15,"column":7},"end":{"line":17,"column":1}},"line":15},"3":{"name":"getDayOfWeek","decl":{"start":{"line":22,"column":7},"end":{"line":38,"column":1}},"loc":{"start":{"line":22,"column":7},"end":{"line":38,"column":1}},"line":22},"4":{"name":"MinPass","decl":{"start":{"line":40,"column":7},"end":{"line":46,"column":1}},"loc":{"start":{"line":40,"column":7},"end":{"line":46,"column":1}},"line":40},"5":{"name":"compareBirthDates","decl":{"start":{"line":48,"column":7},"end":{"line":61,"column":1}},"loc":{"start":{"line":48,"column":7},"end":{"line":61,"column":1}},"line":48},"6":{"name":"isRightTriangle","decl":{"start":{"line":66,"column":7},"end":{"line":76,"column":1}},"loc":{"start":{"line":66,"column":7},"end":{"line":76,"column":1}},"line":66},"7":{"name":"calculateCircleInfo","decl":{"start":{"line":78,"column":7},"end":{"line":87,"column":1}},"loc":{"start":{"line":78,"column":7},"end":{"line":87,"column":1}},"line":78},"8":{"name":"findDicriminant","decl":{"start":{"line":89,"column":7},"end":{"line":101,"column":1}},"loc":{"start":{"line":89,"column":7},"end":{"line":101,"column":1}},"line":89},"9":{"name":"checkString","decl":{"start":{"line":106,"column":7},"end":{"line":122,"column":1}},"loc":{"start":{"line":106,"column":7},"end":{"line":122,"column":1}},"line":106}},"f":{"0":3,"1":5,"2":3,"3":1,"4":1,"5":7,"6":6,"7":1,"8":3,"9":8}}
,"C:\\Users\\Loki\\Desktop\\OTUS\\Repositories\\Tests\\src\\task-7.js": {"path":"C:\\Users\\Loki\\Desktop\\OTUS\\Repositories\\Tests\\src\\task-7.js","all":false,"statementMap":{"0":{"start":{"line":1,"column":0},"end":{"line":1,"column":29}},"1":{"start":{"line":2,"column":0},"end":{"line":2,"column":34}},"2":{"start":{"line":3,"column":0},"end":{"line":3,"column":62}},"3":{"start":{"line":4,"column":0},"end":{"line":4,"column":58}},"4":{"start":{"line":5,"column":0},"end":{"line":5,"column":2}},"5":{"start":{"line":6,"column":0},"end":{"line":6,"column":37}},"6":{"start":{"line":7,"column":0},"end":{"line":7,"column":2}},"7":{"start":{"line":8,"column":0},"end":{"line":8,"column":45}},"8":{"start":{"line":9,"column":0},"end":{"line":9,"column":32}},"9":{"start":{"line":10,"column":0},"end":{"line":10,"column":40}},"10":{"start":{"line":11,"column":0},"end":{"line":11,"column":10}},"11":{"start":{"line":12,"column":0},"end":{"line":12,"column":39}},"12":{"start":{"line":13,"column":0},"end":{"line":13,"column":3}},"13":{"start":{"line":14,"column":0},"end":{"line":14,"column":4}},"14":{"start":{"line":15,"column":0},"end":{"line":15,"column":2}},"15":{"start":{"line":16,"column":0},"end":{"line":16,"column":47}},"16":{"start":{"line":17,"column":0},"end":{"line":17,"column":51}},"17":{"start":{"line":18,"column":0},"end":{"line":18,"column":46}},"18":{"start":{"line":19,"column":0},"end":{"line":19,"column":42}},"19":{"start":{"line":20,"column":0},"end":{"line":20,"column":2}},"20":{"start":{"line":21,"column":0},"end":{"line":21,"column":56}},"21":{"start":{"line":22,"column":0},"end":{"line":22,"column":30}},"22":{"start":{"line":23,"column":0},"end":{"line":23,"column":26}},"23":{"start":{"line":24,"column":0},"end":{"line":24,"column":3}},"24":{"start":{"line":25,"column":0},"end":{"line":25,"column":2}},"25":{"start":{"line":26,"column":0},"end":{"line":26,"column":24}},"26":{"start":{"line":27,"column":0},"end":{"line":27,"column":38}},"27":{"start":{"line":28,"column":0},"end":{"line":28,"column":4}},"28":{"start":{"line":29,"column":0},"end":{"line":29,"column":1}},"29":{"start":{"line":30,"column":0},"end":{"line":30,"column":2}}},"s":{"0":1,"1":1,"2":4,"3":4,"4":4,"5":4,"6":4,"7":4,"8":9,"9":8,"10":9,"11":1,"12":1,"13":4,"14":4,"15":4,"16":7,"17":7,"18":7,"19":7,"20":7,"21":7,"22":4,"23":4,"24":7,"25":7,"26":7,"27":4,"28":4,"29":1},"branchMap":{"0":{"type":"branch","line":2,"loc":{"start":{"line":2,"column":7},"end":{"line":29,"column":1}},"locations":[{"start":{"line":2,"column":7},"end":{"line":29,"column":1}}]},"1":{"type":"branch","line":8,"loc":{"start":{"line":8,"column":38},"end":{"line":14,"column":2}},"locations":[{"start":{"line":8,"column":38},"end":{"line":14,"column":2}}]},"2":{"type":"branch","line":9,"loc":{"start":{"line":9,"column":31},"end":{"line":11,"column":3}},"locations":[{"start":{"line":9,"column":31},"end":{"line":11,"column":3}}]},"3":{"type":"branch","line":11,"loc":{"start":{"line":11,"column":3},"end":{"line":13,"column":3}},"locations":[{"start":{"line":11,"column":3},"end":{"line":13,"column":3}}]},"4":{"type":"branch","line":16,"loc":{"start":{"line":16,"column":40},"end":{"line":28,"column":2}},"locations":[{"start":{"line":16,"column":40},"end":{"line":28,"column":2}}]},"5":{"type":"branch","line":22,"loc":{"start":{"line":22,"column":29},"end":{"line":24,"column":3}},"locations":[{"start":{"line":22,"column":29},"end":{"line":24,"column":3}}]}},"b":{"0":[4],"1":[9],"2":[8],"3":[1],"4":[7],"5":[4]},"fnMap":{"0":{"name":"initializePage","decl":{"start":{"line":2,"column":7},"end":{"line":29,"column":1}},"loc":{"start":{"line":2,"column":7},"end":{"line":29,"column":1}},"line":2}},"f":{"0":4}}
}
