TN:
SF:src\first-part.js
FN:3,multiplyAndSum
FN:11,countTotalCharacters
FN:16,sumOfDigits
FN:37,findMax
FN:45,getMonthName
FN:90,checkCircleInSquare
FN:100,calculateSum
FN:108,printMultiplicationTable
FN:114,sumOddNumbers
FN:130,getUserAge
FN:138,createAdminUser
FN:145,printAdminDetails
FN:153,ArraySum
FN:162,multiplyByTwo
FN:170,findMinMax
FNF:15
FNH:15
FNDA:1,multiplyAndSum
FNDA:1,countTotalCharacters
FNDA:2,sumOfDigits
FNDA:2,findMax
FNDA:13,getMonthName
FNDA:2,checkCircleInSquare
FNDA:1,calculateSum
FNDA:1,printMultiplicationTable
FNDA:1,sumOddNumbers
FNDA:1,getUserAge
FNDA:1,createAdminUser
FNDA:1,printAdminDetails
FNDA:1,ArraySum
FNDA:1,multiplyByTwo
FNDA:3,findMinMax
DA:1,1
DA:2,1
DA:3,1
DA:4,1
DA:5,1
DA:6,1
DA:7,1
DA:8,1
DA:9,1
DA:10,1
DA:11,1
DA:12,1
DA:13,1
DA:14,1
DA:15,1
DA:16,1
DA:17,2
DA:18,2
DA:19,2
DA:20,2
DA:21,1
DA:22,1
DA:23,1
DA:24,1
DA:25,1
DA:26,1
DA:27,1
DA:28,1
DA:29,1
DA:30,1
DA:31,1
DA:32,1
DA:33,1
DA:34,1
DA:35,1
DA:36,1
DA:37,1
DA:38,2
DA:39,1
DA:40,1
DA:41,1
DA:42,1
DA:43,2
DA:44,1
DA:45,1
DA:46,13
DA:47,13
DA:48,13
DA:49,1
DA:50,1
DA:51,13
DA:52,1
DA:53,1
DA:54,13
DA:55,1
DA:56,1
DA:57,13
DA:58,1
DA:59,1
DA:60,13
DA:61,1
DA:62,1
DA:63,13
DA:64,1
DA:65,1
DA:66,13
DA:67,1
DA:68,1
DA:69,13
DA:70,1
DA:71,1
DA:72,13
DA:73,1
DA:74,1
DA:75,13
DA:76,1
DA:77,1
DA:78,13
DA:79,1
DA:80,1
DA:81,13
DA:82,1
DA:83,1
DA:84,13
DA:85,1
DA:86,1
DA:87,13
DA:88,13
DA:89,1
DA:90,1
DA:91,2
DA:92,1
DA:93,1
DA:94,1
DA:95,1
DA:96,1
DA:97,1
DA:98,1
DA:99,1
DA:100,1
DA:101,1
DA:102,1
DA:103,51
DA:104,51
DA:105,1
DA:106,1
DA:107,1
DA:108,1
DA:109,1
DA:110,10
DA:111,10
DA:112,1
DA:113,1
DA:114,1
DA:115,1
DA:116,1
DA:117,1
DA:118,1
DA:119,1
DA:120,12
DA:121,6
DA:122,6
DA:123,12
DA:124,1
DA:125,1
DA:126,1
DA:127,1
DA:128,1
DA:129,1
DA:130,1
DA:131,1
DA:132,1
DA:133,1
DA:134,1
DA:135,1
DA:136,1
DA:137,1
DA:138,1
DA:139,1
DA:140,1
DA:141,1
DA:142,1
DA:143,1
DA:144,1
DA:145,1
DA:146,1
DA:147,1
DA:148,1
DA:149,1
DA:150,1
DA:151,1
DA:152,1
DA:153,1
DA:154,1
DA:155,1
DA:156,1
DA:157,10
DA:158,10
DA:159,1
DA:160,1
DA:161,1
DA:162,1
DA:163,1
DA:164,1
DA:165,10
DA:166,10
DA:167,1
DA:168,1
DA:169,1
DA:170,1
DA:171,3
DA:172,3
DA:173,3
DA:174,13
DA:175,4
DA:176,4
DA:177,13
DA:178,9
DA:179,9
DA:180,13
DA:181,3
DA:182,1
LF:182
LH:182
BRDA:3,0,0,1
BRDA:11,1,0,1
BRDA:16,2,0,2
BRDA:20,3,0,1
BRDA:37,4,0,2
BRDA:38,5,0,1
BRDA:45,6,0,13
BRDA:48,7,0,1
BRDA:51,8,0,1
BRDA:54,9,0,1
BRDA:57,10,0,1
BRDA:60,11,0,1
BRDA:63,12,0,1
BRDA:66,13,0,1
BRDA:69,14,0,1
BRDA:72,15,0,1
BRDA:75,16,0,1
BRDA:78,17,0,1
BRDA:81,18,0,1
BRDA:84,19,0,1
BRDA:90,20,0,2
BRDA:91,21,0,1
BRDA:100,22,0,1
BRDA:102,23,0,51
BRDA:108,24,0,1
BRDA:109,25,0,10
BRDA:114,26,0,1
BRDA:119,27,0,12
BRDA:120,28,0,6
BRDA:130,29,0,1
BRDA:138,30,0,1
BRDA:145,31,0,1
BRDA:153,32,0,1
BRDA:156,33,0,10
BRDA:162,34,0,1
BRDA:164,35,0,10
BRDA:170,36,0,3
BRDA:173,37,0,13
BRDA:174,38,0,4
BRDA:177,39,0,9
BRF:40
BRH:40
end_of_record
TN:
SF:src\second-part.js
FN:3,diff
FN:7,isWord
FN:15,pow
FN:22,getDayOfWeek
FN:40,MinPass
FN:48,compareBirthDates
FN:66,isRightTriangle
FN:78,calculateCircleInfo
FN:89,findDicriminant
FN:106,checkString
FNF:10
FNH:10
FNDA:3,diff
FNDA:5,isWord
FNDA:3,pow
FNDA:1,getDayOfWeek
FNDA:1,MinPass
FNDA:7,compareBirthDates
FNDA:6,isRightTriangle
FNDA:1,calculateCircleInfo
FNDA:3,findDicriminant
FNDA:8,checkString
DA:1,1
DA:2,1
DA:3,1
DA:4,3
DA:5,3
DA:6,1
DA:7,1
DA:8,5
DA:9,5
DA:10,3
DA:11,3
DA:12,2
DA:13,2
DA:14,1
DA:15,1
DA:16,3
DA:17,3
DA:18,1
DA:19,1
DA:20,1
DA:21,1
DA:22,1
DA:23,1
DA:24,1
DA:25,1
DA:26,1
DA:27,1
DA:28,1
DA:29,1
DA:30,1
DA:31,1
DA:32,1
DA:33,1
DA:34,1
DA:35,1
DA:36,1
DA:37,1
DA:38,1
DA:39,1
DA:40,1
DA:41,1
DA:42,1
DA:43,1
DA:44,1
DA:45,1
DA:46,1
DA:47,1
DA:48,1
DA:49,7
DA:50,7
DA:51,7
DA:52,7
DA:53,7
DA:54,7
DA:55,7
DA:56,1
DA:57,7
DA:58,3
DA:59,3
DA:60,3
DA:61,3
DA:62,1
DA:63,1
DA:64,1
DA:65,1
DA:66,1
DA:67,6
DA:68,6
DA:69,6
DA:70,6
DA:71,6
DA:72,6
DA:73,3
DA:74,3
DA:75,3
DA:76,3
DA:77,1
DA:78,1
DA:79,1
DA:80,1
DA:81,1
DA:82,1
DA:83,1
DA:84,1
DA:85,1
DA:86,1
DA:87,1
DA:88,1
DA:89,1
DA:90,3
DA:91,3
DA:92,1
DA:93,1
DA:94,1
DA:95,3
DA:96,1
DA:97,1
DA:98,1
DA:99,1
DA:100,1
DA:101,3
DA:102,1
DA:103,1
DA:104,1
DA:105,1
DA:106,1
DA:107,8
DA:108,8
DA:109,8
DA:110,8
DA:111,8
DA:112,6
DA:113,2
DA:114,6
DA:115,2
DA:116,2
DA:117,2
DA:118,2
DA:119,6
DA:120,2
DA:121,2
DA:122,2
LF:122
LH:122
BRDA:3,0,0,3
BRDA:7,1,0,5
BRDA:9,2,0,3
BRDA:11,3,0,2
BRDA:15,4,0,3
BRDA:22,5,0,1
BRDA:40,6,0,1
BRDA:48,7,0,7
BRDA:55,8,0,1
BRDA:57,9,0,6
BRDA:57,10,0,3
BRDA:66,11,0,6
BRDA:72,12,0,3
BRDA:78,13,0,1
BRDA:89,14,0,3
BRDA:91,15,0,1
BRDA:95,16,0,2
BRDA:95,17,0,1
BRDA:106,18,0,8
BRDA:111,19,0,6
BRDA:112,20,0,2
BRDA:114,21,0,4
BRDA:114,22,0,2
BRDA:119,23,0,2
BRF:24
BRH:24
end_of_record
TN:
SF:src\task-7.js
FN:2,initializePage
FNF:1
FNH:1
FNDA:4,initializePage
DA:1,1
DA:2,1
DA:3,4
DA:4,4
DA:5,4
DA:6,4
DA:7,4
DA:8,4
DA:9,9
DA:10,8
DA:11,9
DA:12,1
DA:13,1
DA:14,4
DA:15,4
DA:16,4
DA:17,7
DA:18,7
DA:19,7
DA:20,7
DA:21,7
DA:22,7
DA:23,4
DA:24,4
DA:25,7
DA:26,7
DA:27,7
DA:28,4
DA:29,4
DA:30,1
LF:30
LH:30
BRDA:2,0,0,4
BRDA:8,1,0,9
BRDA:9,2,0,8
BRDA:11,3,0,1
BRDA:16,4,0,7
BRDA:22,5,0,4
BRF:6
BRH:6
end_of_record
