{"C:\\Users\\Loki\\Desktop\\OTUS\\Repositories\\Tests\\src\\dom.js": {"path":"C:\\Users\\Loki\\Desktop\\OTUS\\Repositories\\Tests\\src\\dom.js","all":false,"statementMap":{"0":{"start":{"line":1,"column":0},"end":{"line":1,"column":34}},"1":{"start":{"line":2,"column":0},"end":{"line":2,"column":62}},"2":{"start":{"line":3,"column":0},"end":{"line":3,"column":58}},"3":{"start":{"line":4,"column":0},"end":{"line":4,"column":2}},"4":{"start":{"line":5,"column":0},"end":{"line":5,"column":37}},"5":{"start":{"line":6,"column":0},"end":{"line":6,"column":2}},"6":{"start":{"line":7,"column":0},"end":{"line":7,"column":45}},"7":{"start":{"line":8,"column":0},"end":{"line":8,"column":32}},"8":{"start":{"line":9,"column":0},"end":{"line":9,"column":40}},"9":{"start":{"line":10,"column":0},"end":{"line":10,"column":10}},"10":{"start":{"line":11,"column":0},"end":{"line":11,"column":39}},"11":{"start":{"line":12,"column":0},"end":{"line":12,"column":3}},"12":{"start":{"line":13,"column":0},"end":{"line":13,"column":4}},"13":{"start":{"line":14,"column":0},"end":{"line":14,"column":2}},"14":{"start":{"line":15,"column":0},"end":{"line":15,"column":47}},"15":{"start":{"line":16,"column":0},"end":{"line":16,"column":51}},"16":{"start":{"line":17,"column":0},"end":{"line":17,"column":46}},"17":{"start":{"line":18,"column":0},"end":{"line":18,"column":42}},"18":{"start":{"line":19,"column":0},"end":{"line":19,"column":2}},"19":{"start":{"line":20,"column":0},"end":{"line":20,"column":56}},"20":{"start":{"line":21,"column":0},"end":{"line":21,"column":30}},"21":{"start":{"line":22,"column":0},"end":{"line":22,"column":26}},"22":{"start":{"line":23,"column":0},"end":{"line":23,"column":3}},"23":{"start":{"line":24,"column":0},"end":{"line":24,"column":2}},"24":{"start":{"line":25,"column":0},"end":{"line":25,"column":24}},"25":{"start":{"line":26,"column":0},"end":{"line":26,"column":38}},"26":{"start":{"line":27,"column":0},"end":{"line":27,"column":4}},"27":{"start":{"line":28,"column":0},"end":{"line":28,"column":1}}},"s":{"0":1,"1":4,"2":4,"3":4,"4":4,"5":4,"6":4,"7":9,"8":8,"9":9,"10":1,"11":1,"12":4,"13":4,"14":4,"15":7,"16":7,"17":7,"18":7,"19":7,"20":7,"21":4,"22":4,"23":7,"24":7,"25":7,"26":4,"27":4},"branchMap":{"0":{"type":"branch","line":1,"loc":{"start":{"line":1,"column":7},"end":{"line":28,"column":1}},"locations":[{"start":{"line":1,"column":7},"end":{"line":28,"column":1}}]},"1":{"type":"branch","line":7,"loc":{"start":{"line":7,"column":38},"end":{"line":13,"column":2}},"locations":[{"start":{"line":7,"column":38},"end":{"line":13,"column":2}}]},"2":{"type":"branch","line":8,"loc":{"start":{"line":8,"column":31},"end":{"line":10,"column":3}},"locations":[{"start":{"line":8,"column":31},"end":{"line":10,"column":3}}]},"3":{"type":"branch","line":10,"loc":{"start":{"line":10,"column":3},"end":{"line":12,"column":3}},"locations":[{"start":{"line":10,"column":3},"end":{"line":12,"column":3}}]},"4":{"type":"branch","line":15,"loc":{"start":{"line":15,"column":40},"end":{"line":27,"column":2}},"locations":[{"start":{"line":15,"column":40},"end":{"line":27,"column":2}}]},"5":{"type":"branch","line":21,"loc":{"start":{"line":21,"column":29},"end":{"line":23,"column":3}},"locations":[{"start":{"line":21,"column":29},"end":{"line":23,"column":3}}]}},"b":{"0":[4],"1":[9],"2":[8],"3":[1],"4":[7],"5":[4]},"fnMap":{"0":{"name":"initializePage","decl":{"start":{"line":1,"column":7},"end":{"line":28,"column":1}},"loc":{"start":{"line":1,"column":7},"end":{"line":28,"column":1}},"line":1}},"f":{"0":4}}
,"C:\\Users\\Loki\\Desktop\\OTUS\\Repositories\\Tests\\src\\first-part.js": {"path":"C:\\Users\\Loki\\Desktop\\OTUS\\Repositories\\Tests\\src\\first-part.js","all":false,"statementMap":{"0":{"start":{"line":1,"column":0},"end":{"line":1,"column":58}},"1":{"start":{"line":2,"column":0},"end":{"line":2,"column":49}},"2":{"start":{"line":3,"column":0},"end":{"line":3,"column":22}},"3":{"start":{"line":4,"column":0},"end":{"line":4,"column":0}},"4":{"start":{"line":5,"column":0},"end":{"line":5,"column":38}},"5":{"start":{"line":6,"column":0},"end":{"line":6,"column":23}},"6":{"start":{"line":7,"column":0},"end":{"line":7,"column":19}},"7":{"start":{"line":8,"column":0},"end":{"line":8,"column":2}},"8":{"start":{"line":9,"column":0},"end":{"line":9,"column":41}},"9":{"start":{"line":10,"column":0},"end":{"line":10,"column":33}},"10":{"start":{"line":11,"column":0},"end":{"line":11,"column":1}},"11":{"start":{"line":12,"column":0},"end":{"line":12,"column":0}},"12":{"start":{"line":13,"column":0},"end":{"line":13,"column":49}},"13":{"start":{"line":14,"column":0},"end":{"line":14,"column":45}},"14":{"start":{"line":15,"column":0},"end":{"line":15,"column":48}},"15":{"start":{"line":16,"column":0},"end":{"line":16,"column":0}},"16":{"start":{"line":17,"column":0},"end":{"line":17,"column":50}},"17":{"start":{"line":18,"column":0},"end":{"line":18,"column":51}},"18":{"start":{"line":19,"column":0},"end":{"line":19,"column":58}},"19":{"start":{"line":20,"column":0},"end":{"line":20,"column":1}},"20":{"start":{"line":21,"column":0},"end":{"line":21,"column":0}},"21":{"start":{"line":22,"column":0},"end":{"line":22,"column":47}},"22":{"start":{"line":23,"column":0},"end":{"line":23,"column":45}},"23":{"start":{"line":24,"column":0},"end":{"line":24,"column":48}},"24":{"start":{"line":25,"column":0},"end":{"line":25,"column":0}},"25":{"start":{"line":26,"column":0},"end":{"line":26,"column":31}},"26":{"start":{"line":27,"column":0},"end":{"line":27,"column":37}},"27":{"start":{"line":28,"column":0},"end":{"line":28,"column":53}},"28":{"start":{"line":29,"column":0},"end":{"line":29,"column":2}},"29":{"start":{"line":30,"column":0},"end":{"line":30,"column":27}},"30":{"start":{"line":31,"column":0},"end":{"line":31,"column":49}},"31":{"start":{"line":32,"column":0},"end":{"line":32,"column":9}},"32":{"start":{"line":33,"column":0},"end":{"line":33,"column":2}},"33":{"start":{"line":34,"column":0},"end":{"line":34,"column":2}},"34":{"start":{"line":35,"column":0},"end":{"line":35,"column":41}},"35":{"start":{"line":36,"column":0},"end":{"line":36,"column":41}},"36":{"start":{"line":37,"column":0},"end":{"line":37,"column":41}},"37":{"start":{"line":38,"column":0},"end":{"line":38,"column":2}},"38":{"start":{"line":39,"column":0},"end":{"line":39,"column":38}},"39":{"start":{"line":40,"column":0},"end":{"line":40,"column":2}},"40":{"start":{"line":41,"column":0},"end":{"line":41,"column":57}},"41":{"start":{"line":42,"column":0},"end":{"line":42,"column":1}},"42":{"start":{"line":43,"column":0},"end":{"line":43,"column":0}},"43":{"start":{"line":44,"column":0},"end":{"line":44,"column":50}},"44":{"start":{"line":45,"column":0},"end":{"line":45,"column":29}},"45":{"start":{"line":46,"column":0},"end":{"line":46,"column":0}},"46":{"start":{"line":47,"column":0},"end":{"line":47,"column":31}},"47":{"start":{"line":48,"column":0},"end":{"line":48,"column":13}},"48":{"start":{"line":49,"column":0},"end":{"line":49,"column":24}},"49":{"start":{"line":50,"column":0},"end":{"line":50,"column":9}},"50":{"start":{"line":51,"column":0},"end":{"line":51,"column":24}},"51":{"start":{"line":52,"column":0},"end":{"line":52,"column":2}},"52":{"start":{"line":53,"column":0},"end":{"line":53,"column":1}}},"s":{"0":1,"1":1,"2":1,"3":1,"4":1,"5":1,"6":1,"7":1,"8":1,"9":1,"10":1,"11":1,"12":1,"13":1,"14":1,"15":1,"16":1,"17":1,"18":1,"19":1,"20":1,"21":1,"22":1,"23":1,"24":1,"25":1,"26":2,"27":2,"28":2,"29":2,"30":1,"31":1,"32":1,"33":1,"34":1,"35":1,"36":1,"37":1,"38":1,"39":1,"40":1,"41":1,"42":1,"43":1,"44":1,"45":1,"46":1,"47":2,"48":1,"49":1,"50":1,"51":1,"52":2},"branchMap":{"0":{"type":"branch","line":5,"loc":{"start":{"line":5,"column":7},"end":{"line":11,"column":1}},"locations":[{"start":{"line":5,"column":7},"end":{"line":11,"column":1}}]},"1":{"type":"branch","line":17,"loc":{"start":{"line":17,"column":7},"end":{"line":20,"column":1}},"locations":[{"start":{"line":17,"column":7},"end":{"line":20,"column":1}}]},"2":{"type":"branch","line":26,"loc":{"start":{"line":26,"column":7},"end":{"line":42,"column":1}},"locations":[{"start":{"line":26,"column":7},"end":{"line":42,"column":1}}]},"3":{"type":"branch","line":30,"loc":{"start":{"line":30,"column":26},"end":{"line":42,"column":1}},"locations":[{"start":{"line":30,"column":26},"end":{"line":42,"column":1}}]},"4":{"type":"branch","line":47,"loc":{"start":{"line":47,"column":7},"end":{"line":53,"column":1}},"locations":[{"start":{"line":47,"column":7},"end":{"line":53,"column":1}}]},"5":{"type":"branch","line":48,"loc":{"start":{"line":48,"column":12},"end":{"line":52,"column":2}},"locations":[{"start":{"line":48,"column":12},"end":{"line":52,"column":2}}]}},"b":{"0":[1],"1":[1],"2":[2],"3":[1],"4":[2],"5":[1]},"fnMap":{"0":{"name":"multiplyAndSum","decl":{"start":{"line":5,"column":7},"end":{"line":11,"column":1}},"loc":{"start":{"line":5,"column":7},"end":{"line":11,"column":1}},"line":5},"1":{"name":"countTotalCharacters","decl":{"start":{"line":17,"column":7},"end":{"line":20,"column":1}},"loc":{"start":{"line":17,"column":7},"end":{"line":20,"column":1}},"line":17},"2":{"name":"sumOfDigits","decl":{"start":{"line":26,"column":7},"end":{"line":42,"column":1}},"loc":{"start":{"line":26,"column":7},"end":{"line":42,"column":1}},"line":26},"3":{"name":"findMax","decl":{"start":{"line":47,"column":7},"end":{"line":53,"column":1}},"loc":{"start":{"line":47,"column":7},"end":{"line":53,"column":1}},"line":47}},"f":{"0":1,"1":1,"2":2,"3":2}}
}
