TN:
SF:src\dom.js
FN:1,initializePage
FNF:1
FNH:1
FNDA:4,initializePage
DA:1,1
DA:2,4
DA:3,4
DA:4,4
DA:5,4
DA:6,4
DA:7,4
DA:8,9
DA:9,8
DA:10,9
DA:11,1
DA:12,1
DA:13,4
DA:14,4
DA:15,4
DA:16,7
DA:17,7
DA:18,7
DA:19,7
DA:20,7
DA:21,7
DA:22,4
DA:23,4
DA:24,7
DA:25,7
DA:26,7
DA:27,4
DA:28,4
LF:28
LH:28
BRDA:1,0,0,4
BRDA:7,1,0,9
BRDA:8,2,0,8
BRDA:10,3,0,1
BRDA:15,4,0,7
BRDA:21,5,0,4
BRF:6
BRH:6
end_of_record
TN:
SF:src\first-part.js
FN:5,multiplyAndSum
FN:17,countTotalCharacters
FNF:2
FNH:2
FNDA:1,multiplyAndSum
FNDA:1,countTotalCharacters
DA:1,1
DA:2,1
DA:3,1
DA:4,1
DA:5,1
DA:6,1
DA:7,1
DA:8,1
DA:9,1
DA:10,1
DA:11,1
DA:12,1
DA:13,1
DA:14,1
DA:15,1
DA:16,1
DA:17,1
DA:18,1
DA:19,1
DA:20,1
LF:20
LH:20
BRDA:5,0,0,1
BRDA:17,1,0,1
BRF:2
BRH:2
end_of_record
