TN:
SF:src\dom.js
FN:1,initializePage
FNF:1
FNH:1
FNDA:4,initializePage
DA:1,1
DA:2,4
DA:3,4
DA:4,4
DA:5,4
DA:6,4
DA:7,4
DA:8,9
DA:9,8
DA:10,9
DA:11,1
DA:12,1
DA:13,4
DA:14,4
DA:15,4
DA:16,7
DA:17,7
DA:18,7
DA:19,7
DA:20,7
DA:21,7
DA:22,4
DA:23,4
DA:24,7
DA:25,7
DA:26,7
DA:27,4
DA:28,4
LF:28
LH:28
BRDA:1,0,0,4
BRDA:7,1,0,9
BRDA:8,2,0,8
BRDA:10,3,0,1
BRDA:15,4,0,7
BRDA:21,5,0,4
BRF:6
BRH:6
end_of_record
TN:
SF:src\first-part.js
FN:5,multiplyAndSum
FN:17,countTotalCharacters
FN:26,sumOfDigits
FN:47,findMax
FN:58,getMonthName
FN:106,checkCircleInSquare
FN:115,calculateSum
FN:124,printMultiplicationTable
FNF:8
FNH:8
FNDA:1,multiplyAndSum
FNDA:1,countTotalCharacters
FNDA:2,sumOfDigits
FNDA:2,findMax
FNDA:13,getMonthName
FNDA:2,checkCircleInSquare
FNDA:1,calculateSum
FNDA:1,printMultiplicationTable
DA:1,1
DA:2,1
DA:3,1
DA:4,1
DA:5,1
DA:6,1
DA:7,1
DA:8,1
DA:9,1
DA:10,1
DA:11,1
DA:12,1
DA:13,1
DA:14,1
DA:15,1
DA:16,1
DA:17,1
DA:18,1
DA:19,1
DA:20,1
DA:21,1
DA:22,1
DA:23,1
DA:24,1
DA:25,1
DA:26,1
DA:27,2
DA:28,2
DA:29,2
DA:30,2
DA:31,1
DA:32,1
DA:33,1
DA:34,1
DA:35,1
DA:36,1
DA:37,1
DA:38,1
DA:39,1
DA:40,1
DA:41,1
DA:42,1
DA:43,1
DA:44,1
DA:45,1
DA:46,1
DA:47,1
DA:48,2
DA:49,1
DA:50,1
DA:51,1
DA:52,1
DA:53,2
DA:54,1
DA:55,1
DA:56,1
DA:57,1
DA:58,1
DA:59,13
DA:60,13
DA:61,13
DA:62,1
DA:63,1
DA:64,13
DA:65,1
DA:66,1
DA:67,13
DA:68,1
DA:69,1
DA:70,13
DA:71,1
DA:72,1
DA:73,13
DA:74,1
DA:75,1
DA:76,13
DA:77,1
DA:78,1
DA:79,13
DA:80,1
DA:81,1
DA:82,13
DA:83,1
DA:84,1
DA:85,13
DA:86,1
DA:87,1
DA:88,13
DA:89,1
DA:90,1
DA:91,13
DA:92,1
DA:93,1
DA:94,13
DA:95,1
DA:96,1
DA:97,13
DA:98,1
DA:99,1
DA:100,13
DA:101,13
DA:102,1
DA:103,1
DA:104,1
DA:105,1
DA:106,1
DA:107,2
DA:108,1
DA:109,1
DA:110,1
DA:111,1
DA:112,1
DA:113,1
DA:114,1
DA:115,1
DA:116,1
DA:117,1
DA:118,51
DA:119,51
DA:120,1
DA:121,1
DA:122,1
DA:123,1
DA:124,1
DA:125,1
DA:126,10
DA:127,10
DA:128,1
LF:128
LH:128
BRDA:5,0,0,1
BRDA:17,1,0,1
BRDA:26,2,0,2
BRDA:30,3,0,1
BRDA:47,4,0,2
BRDA:48,5,0,1
BRDA:58,6,0,13
BRDA:61,7,0,1
BRDA:64,8,0,1
BRDA:67,9,0,1
BRDA:70,10,0,1
BRDA:73,11,0,1
BRDA:76,12,0,1
BRDA:79,13,0,1
BRDA:82,14,0,1
BRDA:85,15,0,1
BRDA:88,16,0,1
BRDA:91,17,0,1
BRDA:94,18,0,1
BRDA:97,19,0,1
BRDA:106,20,0,2
BRDA:107,21,0,1
BRDA:115,22,0,1
BRDA:117,23,0,51
BRDA:124,24,0,1
BRDA:125,25,0,10
BRF:26
BRH:26
end_of_record
